<?xml version="1.0" encoding="UTF-8"?>
<!-- Generated by org.testng.reporters.JUnitXMLReporter -->
<testsuite ignored="0" hostname="DESKTOP-I8RK5RD" failures="1" tests="1" name="Jugyah" time="0.115" errors="0" timestamp="2023-10-26T16:07:37 IST">
  <testcase classname="com.selenium.org.loginTest" name="loginWithRegisteredUser" time="0.013">
    <failure type="java.lang.NullPointerException" message="Cannot invoke &amp;quot;org.openqa.selenium.WebDriver.get(String)&amp;quot; because &amp;quot;com.selenium.org.BookVisitWithOutLoggingUser.driver&amp;quot; is null">
      <![CDATA[java.lang.NullPointerException: Cannot invoke "org.openqa.selenium.WebDriver.get(String)" because "com.selenium.org.BookVisitWithOutLoggingUser.driver" is null
at com.selenium.org.BookVisitWithOutLoggingUser.setup(BookVisitWithOutLoggingUser.java:32)
at com.selenium.org.loginTest.loginWithRegisteredUser(loginTest.java:22)
at java.base/java.util.ArrayList.forEach(ArrayList.java:1511)
at com.intellij.rt.testng.IDEARemoteTestNG.run(IDEARemoteTestNG.java:66)
at com.intellij.rt.testng.RemoteTestNGStarter.main(RemoteTestNGStarter.java:105)
... Removed 24 stack frames]]>
    </failure>
  </testcase> <!-- loginWithRegisteredUser -->
</testsuite> <!-- Jugyah -->
